#
# A fatal error has been detected by the Java Runtime Environment:
#
#  SIGBUS (0x7) at pc=0x00007ff595d401a5, pid=29, tid=0x00007ff572b38640
#
# JRE version: OpenJDK Runtime Environment (8.0_302-b07) (build 1.8.0_302-b07)
# Java VM: OpenJDK 64-Bit Server VM GraalVM CE 21.2.0 (25.302-b07-jvmci-21.2-b08 mixed mode linux-amd64 compressed oops)
# Problematic frame:
# C  [libc.so.6+0x15a1a5]  __strncpy_avx2+0x325
#
# Core dump written. Default location: /home/runner/Eaglercraft-152-Server-Maintenance-underway/java/bungee_command/core or core.29
#
# If you would like to submit a bug report, please visit:
#   https://github.com/oracle/graal/issues
#

---------------  T H R E A D  ---------------

Current thread (0x00007ff590164800):  JavaThread "JVMCI-native CompilerThread0" daemon [_thread_in_vm, id=69, stack(0x00007ff572939000,0x00007ff572b39000)]

siginfo: si_signo: 7 (SIGBUS), si_code: 2 (BUS_ADRERR), si_addr: 0x00007ff594403f13

Registers:
RAX=0x00007ff594403f13, RBX=0x00007ff5901644c0, RCX=0x0000000000000014, RDX=0x0000000000000000
RSP=0x00007ff572b37808, RBP=0x00007ff572b37820, RSI=0x00007ff595709014, RDI=0x00007ff594403f13
R8 =0x00000000000000a1, R9 =0x0000000000000000, R10=0x0000000000000031, R11=0x0000000000000000
R12=0x00007ff5901643f0, R13=0x00007ff590169120, R14=0x00007ff595b854f0, R15=0x00007ff580876b00
RIP=0x00007ff595d401a5, EFLAGS=0x0000000000010297, CSGSFS=0x002b000000000033, ERR=0x0000000000000006
  TRAPNO=0x000000000000000e

Top of Stack: (sp=0x00007ff572b37808)
0x00007ff572b37808:   00007ff59550e117 000000087906fce5
0x00007ff572b37818:   00007ff590164800 00007ff572b37920
0x00007ff572b37828:   00007ff594f4d695 00007ff5901657d0
0x00007ff572b37838:   00007ff590164800 00007ff590164800
0x00007ff572b37848:   000000000000056d 00007ff500000004
0x00007ff572b37858:   ffffffff8143b150 00007ff58143b150
0x00007ff572b37868:   00007ff590009160 00007ff572b378d0
0x00007ff572b37878:   00007ff5600516c0 00007ff572b37ab0
0x00007ff572b37888:   0000000000000002 00007ff572b37ab0
0x00007ff572b37898:   0000000000000002 00007ffc9434e82c
0x00007ff572b378a8:   0000000000000001 00007ff590331ba0
0x00007ff572b378b8:   0000000000000000 00007ff572b378f0
0x00007ff572b378c8:   00007ff595caa570 00007ff590164800
0x00007ff572b378d8:   00007ff572b37a00 00007ff572b37900
0x00007ff572b378e8:   00007ff5954c063f 0000000000002608
0x00007ff572b378f8:   00007ff590164800 00007ff590331ba0
0x00007ff572b37908:   00007ff5901658c0 0000000000000000
0x00007ff572b37918:   00007ff580876b00 00007ff572b37bf0
0x00007ff572b37928:   00007ff594f5291f 000000087906fce5
0x00007ff572b37938:   00007ff572b37a20 0000000000000000
0x00007ff572b37948:   00007ff594f52568 00007ff572b37a00
0x00007ff572b37958:   00000000000003d8 00007ff572b379e0
0x00007ff572b37968:   00007ff595bb9b80 00007ff5901653b0
0x00007ff572b37978:   00007ff590165788 00007ff572b379d0
0x00007ff572b37988:   00007ff572b37a60 00007ff590165360
0x00007ff572b37998:   ffffffff0000056d 00007ff5901653a0
0x00007ff572b379a8:   00007ff500000000 0000000000000004
0x00007ff572b379b8:   00007ff572b37ab0 000000019434e82c
0x00007ff572b379c8:   00007ff580876b00 00007ff580876b00
0x00007ff572b379d8:   00007ff590164800 000000087906fce5
0x00007ff572b379e8:   00007ff572b37a20 0000000000000000
0x00007ff572b379f8:   0000000000000001 00007ff595fe0001 

Instructions: (pc=0x00007ff595d401a5)
0x00007ff595d40185:   fa 04 0f 83 23 02 00 00 83 fa 03 0f 84 fa 01 00
0x00007ff595d40195:   00 83 fa 01 0f 87 d1 01 00 00 0f 84 ab 01 00 00
0x00007ff595d401a5:   c6 07 00 49 83 e8 01 48 8d 7f 01 0f 85 2a 04 00
0x00007ff595d401b5:   00 c5 f8 77 c3 66 0f 1f 44 00 00 48 83 c6 20 48 

Register to memory mapping:

RAX=0x00007ff594403f13 is an unknown value
RBX=0x00007ff5901644c0 is an unknown value
RCX=0x0000000000000014 is an unknown value
RDX=0x0000000000000000 is an unknown value
RSP=0x00007ff572b37808 is pointing into the stack for thread: 0x00007ff590164800
RBP=0x00007ff572b37820 is pointing into the stack for thread: 0x00007ff590164800
RSI=0x00007ff595709014: <offset 0xc5d014> in /nix/store/x26gyx3nb3kx580i4r9qg9q1iw45xbp9-graalvm8-ce/jre/lib/amd64/server/libjvm.so at 0x00007ff594aac000
RDI=0x00007ff594403f13 is an unknown value
R8 =0x00000000000000a1 is an unknown value
R9 =0x0000000000000000 is an unknown value
R10=0x0000000000000031 is an unknown value
R11=0x0000000000000000 is an unknown value
R12=0x00007ff5901643f0 is an unknown value
R13=0x00007ff590169120 is an unknown value
R14=0x00007ff595b854f0: <offset 0x10d94f0> in /nix/store/x26gyx3nb3kx580i4r9qg9q1iw45xbp9-graalvm8-ce/jre/lib/amd64/server/libjvm.so at 0x00007ff594aac000
R15={method} {0x00007ff580876b00} 'getMin' '()Ljava/util/TimerTask;' in 'java/util/TaskQueue'


Stack: [0x00007ff572939000,0x00007ff572b39000],  sp=0x00007ff572b37808,  free space=2042k
Native frames: (J=compiled Java code, j=interpreted, Vv=VM code, C=native code)
C  [libc.so.6+0x15a1a5]  __strncpy_avx2+0x325
V  [libjvm.so+0x4a1695]  CompileBroker::collect_statistics(CompilerThread*, elapsedTimer, CompileTask*)+0x4b5
V  [libjvm.so+0x4a691f]  CompileBroker::invoke_compiler_on_method(CompileTask*)+0xdcf
V  [libjvm.so+0x4a8968]  CompileBroker::compiler_thread_loop()+0x5c8
V  [libjvm.so+0xb8613b]  JavaThread::thread_main_inner()+0xdb
V  [libjvm.so+0xb86409]  JavaThread::run()+0x299
V  [libjvm.so+0xa13d02]  java_start(Thread*)+0x102
C  [libpthread.so.0+0x8d3e]  start_thread+0xce


Current CompileTask:
JVMCI-native: 732921 1389       4       java.util.TaskQueue::getMin (7 bytes)


---------------  P R O C E S S  ---------------

Java Threads: ( => current thread )
  0x00007ff5904d6800 JavaThread "Netty IO Thread #0" [_thread_in_native, id=118, stack(0x00007ff5173ff000,0x00007ff517500000)]
  0x00007ff524022000 JavaThread "WebSocketWorker-24" [_thread_blocked, id=117, stack(0x00007ff517cff000,0x00007ff517e00000)]
  0x00007ff524020000 JavaThread "WebSocketWorker-23" [_thread_blocked, id=116, stack(0x00007ff52c0fd000,0x00007ff52c1fe000)]
  0x00007ff52401e800 JavaThread "WebSocketWorker-22" [_thread_blocked, id=115, stack(0x00007ff52c1fe000,0x00007ff52c2ff000)]
  0x00007ff52401d000 JavaThread "connectionLostChecker-1" [_thread_blocked, id=114, stack(0x00007ff52c2ff000,0x00007ff52c400000)]
  0x00007ff59041f800 JavaThread "WebSocketSelector-25" [_thread_in_native, id=111, stack(0x00007ff52d4ff000,0x00007ff52d600000)]
  0x00007ff5903ce000 JavaThread "BungeeCord Logger Thread - net.md_5.bungee.log.BungeeLogger@27808f31" [_thread_blocked, id=102, stack(0x00007ff52f5ff000,0x00007ff52f700000)]
  0x00007ff5903b8000 JavaThread "NonBlockingInputStreamThread" daemon [_thread_blocked, id=101, stack(0x00007ff52fcff000,0x00007ff52fe00000)]
  0x00007ff59032a000 JavaThread "Auth Timeout" [_thread_blocked, id=86, stack(0x00007ff5463fc000,0x00007ff5464fd000)]
  0x00007ff590328000 JavaThread "Close Inactive WebSockets" [_thread_blocked, id=85, stack(0x00007ff5464fd000,0x00007ff5465fe000)]
  0x00007ff590326800 JavaThread "Ban List Reload" [_thread_blocked, id=84, stack(0x00007ff5465fe000,0x00007ff5466ff000)]
  0x00007ff590325800 JavaThread "Reconnect Saver" [_thread_blocked, id=83, stack(0x00007ff5466ff000,0x00007ff546800000)]
  0x00007ff548034800 JavaThread "Libgraal MBean Registration" daemon [_thread_blocked, id=80, stack(0x00007ff5508ff000,0x00007ff550a00000)]
  0x00007ff590174000 JavaThread "Service Thread" daemon [_thread_blocked, id=73, stack(0x00007ff572636000,0x00007ff572737000)]
  0x00007ff590167800 JavaThread "C1 CompilerThread1" daemon [_thread_blocked, id=71, stack(0x00007ff572738000,0x00007ff572938000)]
=>0x00007ff590164800 JavaThread "JVMCI-native CompilerThread0" daemon [_thread_in_vm, id=69, stack(0x00007ff572939000,0x00007ff572b39000)]
  0x00007ff590161800 JavaThread "Signal Dispatcher" daemon [_thread_blocked, id=66, stack(0x00007ff572b39000,0x00007ff572c3a000)]
  0x00007ff59012f000 JavaThread "Finalizer" daemon [_thread_blocked, id=64, stack(0x00007ff572f20000,0x00007ff573021000)]
  0x00007ff59012a800 JavaThread "Reference Handler" daemon [_thread_blocked, id=63, stack(0x00007ff573021000,0x00007ff573122000)]
  0x00007ff59000a000 JavaThread "main" [_thread_in_native, id=53, stack(0x00007ff59486b000,0x00007ff59496b000)]

Other Threads:
  0x00007ff590122800 VMThread [stack: 0x00007ff573123000,0x00007ff573223000] [id=61]
  0x00007ff59017a000 WatcherThread [stack: 0x00007ff572536000,0x00007ff572636000] [id=75]

VM state:not at safepoint (normal execution)

VM Mutex/Monitor currently owned by a thread:  ([mutex/lock_event])
[0x00007ff590009160] CompileStatistics_lock - owner thread: 0x00007ff590164800

heap address: 0x00000000fe000000, size: 32 MB, Compressed Oops mode: 32-bit
Narrow klass base: 0x0000000000000000, Narrow klass shift: 3
Compressed class space size: 1073741824 Address: 0x0000000100000000

Heap:
 PSYoungGen      total 9728K, used 7563K [0x00000000ff580000, 0x0000000100000000, 0x0000000100000000)
  eden space 8704K, 75% used [0x00000000ff580000,0x00000000ffbe2e58,0x00000000ffe00000)
  from space 1024K, 100% used [0x00000000fff00000,0x0000000100000000,0x0000000100000000)
  to   space 1024K, 0% used [0x00000000ffe00000,0x00000000ffe00000,0x00000000fff00000)
 ParOldGen       total 22016K, used 6916K [0x00000000fe000000, 0x00000000ff580000, 0x00000000ff580000)
  object space 22016K, 31% used [0x00000000fe000000,0x00000000fe6c13d8,0x00000000ff580000)
 Metaspace       used 18700K, capacity 19008K, committed 19200K, reserved 1067008K
  class space    used 2143K, capacity 2280K, committed 2304K, reserved 1048576K

Card table byte_map: [0x00007ff5941e5000,0x00007ff5941f6000] byte_map_base: 0x00007ff5939f5000

Marking Bits: (ParMarkBitMap*) 0x00007ff595bc6080
 Begin Bits: [0x00007ff58093e000, 0x00007ff5809be000)
 End Bits:   [0x00007ff5809be000, 0x00007ff580a3e000)

Polling page: 0x00007ff59441d000

CodeCache: size=245760Kb used=4321Kb max_used=4321Kb free=241438Kb
 bounds [0x00007ff581000000, 0x00007ff581440000, 0x00007ff590000000]
 total_blobs=1719 nmethods=1293 adapters=344
 compilation: enabled
              stopped_count=0, restarted_count=0

JVMCI Events (8 events):
Event: 0.250 Thread 0x00007ff59000a000 created new JVMCI runtime 0 (0x00007ff590081910)
Event: 0.250 Thread 0x00007ff59000a000 created new JVMCI runtime -1 (0x00007ff59009c580)
Event: 0.977 Thread 0x00007ff590164800 loaded JVMCI shared library from /nix/store/x26gyx3nb3kx580i4r9qg9q1iw45xbp9-graalvm8-ce/jre/lib/amd64/libjvmcicompiler.so
Event: 1.304 Thread 0x00007ff590164800 created JavaVM[1]@0x00007ff553a92798 for JVMCI runtime 0
Event: 1.636 Thread 0x00007ff590164800 initializing JVMCI runtime 0
Event: 1.799 Thread 0x00007ff590164800 initialized JVMCI runtime 0
Event: 3.020 Thread 0x00007ff548001000 initializing JVMCI runtime -1
Event: 3.968 Thread 0x00007ff548001000 initialized JVMCI runtime -1

Compilation events (10 events):
Event: 652.471 Thread 0x00007ff590167800 1387       1       net.md_5.bungee.api.config.ListenerInfo::getRateLimitQuery (5 bytes)
Event: 652.471 Thread 0x00007ff590167800 nmethod 1387 0x00007ff581439210 code [0x00007ff581439380, 0x00007ff581439490]
Event: 691.717 Thread 0x00007ff590167800 1388       3       java.util.concurrent.locks.AbstractQueuedSynchronizer::setState (6 bytes)
Event: 691.717 Thread 0x00007ff590167800 nmethod 1388 0x00007ff581439510 code [0x00007ff581439680, 0x00007ff5814397d0]
Event: 696.471 Thread 0x00007ff590164800 1389       4       java.util.TaskQueue::getMin (7 bytes)
Event: 705.469 Thread 0x00007ff590167800 1390       3       java.io.File::lastModified (33 bytes)
Event: 732.702 Thread 0x00007ff590167800 nmethod 1390 0x00007ff581439c10 code [0x00007ff581439e00, 0x00007ff58143a7c8]
Event: 732.819 Thread 0x00007ff590167800 1392       3       java.util.concurrent.locks.AbstractQueuedSynchronizer::release (33 bytes)
Event: 732.819 Thread 0x00007ff590167800 nmethod 1392 0x00007ff58143aa50 code [0x00007ff58143abe0, 0x00007ff58143b058]
Event: 732.862 Thread 0x00007ff590164800 nmethod 1389 0x00007ff58143b150 code [0x00007ff58143b2a0, 0x00007ff58143b340]

GC Heap History (8 events):
Event: 5.916 GC heap before
{Heap before GC invocations=1 (full 0):
 PSYoungGen      total 9728K, used 8704K [0x00000000ff580000, 0x0000000100000000, 0x0000000100000000)
  eden space 8704K, 100% used [0x00000000ff580000,0x00000000ffe00000,0x00000000ffe00000)
  from space 1024K, 0% used [0x00000000fff00000,0x00000000fff00000,0x0000000100000000)
  to   space 1024K, 0% used [0x00000000ffe00000,0x00000000ffe00000,0x00000000fff00000)
 ParOldGen       total 22016K, used 0K [0x00000000fe000000, 0x00000000ff580000, 0x00000000ff580000)
  object space 22016K, 0% used [0x00000000fe000000,0x00000000fe000000,0x00000000ff580000)
 Metaspace       used 7433K, capacity 7662K, committed 7936K, reserved 1056768K
  class space    used 841K, capacity 939K, committed 1024K, reserved 1048576K
Event: 6.005 GC heap after
Heap after GC invocations=1 (full 0):
 PSYoungGen      total 9728K, used 1021K [0x00000000ff580000, 0x0000000100000000, 0x0000000100000000)
  eden space 8704K, 0% used [0x00000000ff580000,0x00000000ff580000,0x00000000ffe00000)
  from space 1024K, 99% used [0x00000000ffe00000,0x00000000ffeff430,0x00000000fff00000)
  to   space 1024K, 0% used [0x00000000fff00000,0x00000000fff00000,0x0000000100000000)
 ParOldGen       total 22016K, used 1178K [0x00000000fe000000, 0x00000000ff580000, 0x00000000ff580000)
  object space 22016K, 5% used [0x00000000fe000000,0x00000000fe126b90,0x00000000ff580000)
 Metaspace       used 7433K, capacity 7662K, committed 7936K, reserved 1056768K
  class space    used 841K, capacity 939K, committed 1024K, reserved 1048576K
}
Event: 9.586 GC heap before
{Heap before GC invocations=2 (full 0):
 PSYoungGen      total 9728K, used 9725K [0x00000000ff580000, 0x0000000100000000, 0x0000000100000000)
  eden space 8704K, 100% used [0x00000000ff580000,0x00000000ffe00000,0x00000000ffe00000)
  from space 1024K, 99% used [0x00000000ffe00000,0x00000000ffeff430,0x00000000fff00000)
  to   space 1024K, 0% used [0x00000000fff00000,0x00000000fff00000,0x0000000100000000)
 ParOldGen       total 22016K, used 1178K [0x00000000fe000000, 0x00000000ff580000, 0x00000000ff580000)
  object space 22016K, 5% used [0x00000000fe000000,0x00000000fe126b90,0x00000000ff580000)
 Metaspace       used 11180K, capacity 11440K, committed 11648K, reserved 1058816K
  class space    used 1287K, capacity 1388K, committed 1408K, reserved 1048576K
Event: 9.682 GC heap after
Heap after GC invocations=2 (full 0):
 PSYoungGen      total 9728K, used 992K [0x00000000ff580000, 0x0000000100000000, 0x0000000100000000)
  eden space 8704K, 0% used [0x00000000ff580000,0x00000000ff580000,0x00000000ffe00000)
  from space 1024K, 96% used [0x00000000fff00000,0x00000000ffff8020,0x0000000100000000)
  to   space 1024K, 0% used [0x00000000ffe00000,0x00000000ffe00000,0x00000000fff00000)
 ParOldGen       total 22016K, used 3736K [0x00000000fe000000, 0x00000000ff580000, 0x00000000ff580000)
  object space 22016K, 16% used [0x00000000fe000000,0x00000000fe3a6270,0x00000000ff580000)
 Metaspace       used 11180K, capacity 11440K, committed 11648K, reserved 1058816K
  class space    used 1287K, capacity 1388K, committed 1408K, reserved 1048576K
}
Event: 14.284 GC heap before
{Heap before GC invocations=3 (full 0):
 PSYoungGen      total 9728K, used 9696K [0x00000000ff580000, 0x0000000100000000, 0x0000000100000000)
  eden space 8704K, 100% used [0x00000000ff580000,0x00000000ffe00000,0x00000000ffe00000)
  from space 1024K, 96% used [0x00000000fff00000,0x00000000ffff8020,0x0000000100000000)
  to   space 1024K, 0% used [0x00000000ffe00000,0x00000000ffe00000,0x00000000fff00000)
 ParOldGen       total 22016K, used 3736K [0x00000000fe000000, 0x00000000ff580000, 0x00000000ff580000)
  object space 22016K, 16% used [0x00000000fe000000,0x00000000fe3a6270,0x00000000ff580000)
 Metaspace       used 14167K, capacity 14438K, committed 14592K, reserved 1062912K
  class space    used 1648K, capacity 1749K, committed 1792K, reserved 1048576K
Event: 14.404 GC heap after
Heap after GC invocations=3 (full 0):
 PSYoungGen      total 9728K, used 1024K [0x00000000ff580000, 0x0000000100000000, 0x0000000100000000)
  eden space 8704K, 0% used [0x00000000ff580000,0x00000000ff580000,0x00000000ffe00000)
  from space 1024K, 100% used [0x00000000ffe00000,0x00000000fff00000,0x00000000fff00000)
  to   space 1024K, 0% used [0x00000000fff00000,0x00000000fff00000,0x0000000100000000)
 ParOldGen       total 22016K, used 5510K [0x00000000fe000000, 0x00000000ff580000, 0x00000000ff580000)
  object space 22016K, 25% used [0x00000000fe000000,0x00000000fe561a88,0x00000000ff580000)
 Metaspace       used 14167K, capacity 14438K, committed 14592K, reserved 1062912K
  class space    used 1648K, capacity 1749K, committed 1792K, reserved 1048576K
}
Event: 19.078 GC heap before
{Heap before GC invocations=4 (full 0):
 PSYoungGen      total 9728K, used 9728K [0x00000000ff580000, 0x0000000100000000, 0x0000000100000000)
  eden space 8704K, 100% used [0x00000000ff580000,0x00000000ffe00000,0x00000000ffe00000)
  from space 1024K, 100% used [0x00000000ffe00000,0x00000000fff00000,0x00000000fff00000)
  to   space 1024K, 0% used [0x00000000fff00000,0x00000000fff00000,0x0000000100000000)
 ParOldGen       total 22016K, used 5510K [0x00000000fe000000, 0x00000000ff580000, 0x00000000ff580000)
  object space 22016K, 25% used [0x00000000fe000000,0x00000000fe561a88,0x00000000ff580000)
 Metaspace       used 17695K, capacity 17964K, committed 18304K, reserved 1064960K
  class space    used 2038K, capacity 2146K, committed 2176K, reserved 1048576K
Event: 19.187 GC heap after
Heap after GC invocations=4 (full 0):
 PSYoungGen      total 9728K, used 1024K [0x00000000ff580000, 0x0000000100000000, 0x0000000100000000)
  eden space 8704K, 0% used [0x00000000ff580000,0x00000000ff580000,0x00000000ffe00000)
  from space 1024K, 100% used [0x00000000fff00000,0x0000000100000000,0x0000000100000000)
  to   space 1024K, 0% used [0x00000000ffe00000,0x00000000ffe00000,0x00000000fff00000)
 ParOldGen       total 22016K, used 6916K [0x00000000fe000000, 0x00000000ff580000, 0x00000000ff580000)
  object space 22016K, 31% used [0x00000000fe000000,0x00000000fe6c13d8,0x00000000ff580000)
 Metaspace       used 17695K, capacity 17964K, committed 18304K, reserved 1064960K
  class space    used 2038K, capacity 2146K, committed 2176K, reserved 1048576K
}

Class unloading (0 events):
No events

Deoptimization events (8 events):
Event: 10.527 Thread 0x00007ff59000a000 Uncommon trap: reason=null_assert_or_unreached0 action=reinterpret pc=0x00007ff5812591fa method=java.lang.AbstractStringBuilder.append(Ljava/lang/String;)Ljava/lang/AbstractStringBuilder; @ 0
Event: 10.890 Thread 0x00007ff59000a000 Uncommon trap: reason=null_assert_or_unreached0 action=reinterpret pc=0x00007ff58129d5fc method=java.util.HashMap.getNode(ILjava/lang/Object;)Ljava/util/HashMap$Node; @ 62
Event: 13.736 Thread 0x00007ff59000a000 Uncommon trap: reason=null_assert_or_unreached0 action=reinterpret pc=0x00007ff5811ef995 method=java.lang.String.startsWith(Ljava/lang/String;I)Z @ 0
Event: 13.926 Thread 0x00007ff59000a000 Uncommon trap: reason=null_assert_or_unreached0 action=reinterpret pc=0x00007ff5812bc8ba method=java.util.regex.ASCII.toLower(I)I @ 15
Event: 16.588 Thread 0x00007ff59000a000 Uncommon trap: reason=null_assert_or_unreached0 action=reinterpret pc=0x00007ff5812bd974 method=java.lang.CharacterDataLatin1.digit(II)I @ 80
Event: 16.770 Thread 0x00007ff59000a000 Uncommon trap: reason=null_assert_or_unreached0 action=reinterpret pc=0x00007ff5812c0ed6 method=java.lang.CharacterDataLatin1.digit(II)I @ 80
Event: 19.966 Thread 0x00007ff59000a000 Uncommon trap: reason=intrinsic_or_type_checked_inlining action=reinterpret pc=0x00007ff5813d178c method=sun.security.util.math.intpoly.IntegerPolynomial$MutableElement.setSum(Lsun/security/util/math/IntegerModuloP;)Lsun/security/util/math/intpoly/Integer
Event: 22.469 Thread 0x00007ff59000a000 Uncommon trap: reason=intrinsic_or_type_checked_inlining action=reinterpret pc=0x00007ff58139d47d method=java.util.HashMap.putVal(ILjava/lang/Object;Ljava/lang/Object;ZZ)Ljava/lang/Object; @ 29

Classes redefined (0 events):
No events

Internal exceptions (10 events):
Event: 11.601 Thread 0x00007ff59000a000 Exception <a 'java/lang/ArrayIndexOutOfBoundsException'> (0x00000000ff88cdf8) thrown at [/b/b/e/main/graal-jvmci-8/src/share/vm/runtime/sharedRuntime.cpp, line 638]
Event: 11.630 Thread 0x00007ff59000a000 Exception <a 'java/lang/ArrayIndexOutOfBoundsException'> (0x00000000ff899160) thrown at [/b/b/e/main/graal-jvmci-8/src/share/vm/runtime/sharedRuntime.cpp, line 638]
Event: 11.718 Thread 0x00007ff59000a000 Exception <a 'java/lang/ArrayIndexOutOfBoundsException'> (0x00000000ff8b0b68) thrown at [/b/b/e/main/graal-jvmci-8/src/share/vm/runtime/sharedRuntime.cpp, line 638]
Event: 11.718 Thread 0x00007ff59000a000 Exception <a 'java/lang/ArrayIndexOutOfBoundsException'> (0x00000000ff8b16d8) thrown at [/b/b/e/main/graal-jvmci-8/src/share/vm/runtime/sharedRuntime.cpp, line 638]
Event: 11.732 Thread 0x00007ff59000a000 Exception <a 'java/lang/ClassNotFoundException': io/netty/util/internal/__matchers__/byte[]Matcher> (0x00000000ff8b1dc8) thrown at [/b/b/e/main/graal-jvmci-8/src/share/vm/prims/jni.cpp, line 742]
Event: 11.736 Thread 0x00007ff59000a000 Exception <a 'java/lang/ClassFormatError': Illegal class name "io/netty/util/internal/__matchers__/byte[]Matcher" in class file io/netty/util/internal/__matchers__/byte[]Matcher> (0x00000000ff8bc9b0) thrown at [/b/b/e/main/graal-jvmci-8/src/share/vm/class
Event: 11.736 Thread 0x00007ff59000a000 Exception <a 'java/lang/reflect/InvocationTargetException'> (0x00000000ff8bcbb8) thrown at [/b/b/e/main/graal-jvmci-8/src/share/vm/runtime/reflection.cpp, line 1095]
Event: 12.312 Thread 0x00007ff59000a000 Exception <a 'java/io/FileNotFoundException'> (0x00000000ff9c3738) thrown at [/b/b/e/main/graal-jvmci-8/src/share/vm/prims/jni.cpp, line 715]
Event: 12.510 Thread 0x00007ff5904d6800 Exception <a 'java/lang/ArrayIndexOutOfBoundsException'> (0x00000000ffa2d490) thrown at [/b/b/e/main/graal-jvmci-8/src/share/vm/runtime/sharedRuntime.cpp, line 638]
Event: 12.510 Thread 0x00007ff5904d6800 Exception <a 'java/lang/ArrayIndexOutOfBoundsException'> (0x00000000ffa2e198) thrown at [/b/b/e/main/graal-jvmci-8/src/share/vm/runtime/sharedRuntime.cpp, line 638]

Events (10 events):
Event: 74.806 Thread 0x00007ff590167800 flushing nmethod 0x00007ff58111f890
Event: 74.807 Thread 0x00007ff590167800 flushing nmethod 0x00007ff581139b50
Event: 74.807 Thread 0x00007ff590167800 flushing nmethod 0x00007ff58113a650
Event: 74.807 Thread 0x00007ff590167800 flushing nmethod 0x00007ff5811538d0
Event: 80.869 Executing VM operation: RevokeBias
Event: 80.869 Executing VM operation: RevokeBias done
Event: 80.869 Thread 0x00007ff5902a1000 Thread exited: 0x00007ff5902a1000
Event: 97.835 Thread 0x00007ff590167800 flushing nmethod 0x00007ff581209e90
Event: 107.846 Thread 0x00007ff590167800 flushing nmethod 0x00007ff581258d90
Event: 135.475 Thread 0x00007ff590167800 flushing nmethod 0x00007ff58129d2d0


Dynamic libraries:
fe000000-100240000 rw-p 00000000 00:00 0 
100240000-140000000 ---p 00000000 00:00 0 
55efaaa00000-55efaaa01000 r-xp 00000000 00:447 4611686018608547126       /nix/store/x26gyx3nb3kx580i4r9qg9q1iw45xbp9-graalvm8-ce/bin/.java-wrapped
55efaac00000-55efaac01000 r--p 00000000 00:447 4611686018608547126       /nix/store/x26gyx3nb3kx580i4r9qg9q1iw45xbp9-graalvm8-ce/bin/.java-wrapped
55efaac01000-55efaac02000 rw-p 00001000 00:447 4611686018608547126       /nix/store/x26gyx3nb3kx580i4r9qg9q1iw45xbp9-graalvm8-ce/bin/.java-wrapped
55efaac02000-55efaac03000 rw-p 00003000 00:447 4611686018608547126       /nix/store/x26gyx3nb3kx580i4r9qg9q1iw45xbp9-graalvm8-ce/bin/.java-wrapped
55efaac03000-55efaac04000 rw-p 00004000 00:447 4611686018608547126       /nix/store/x26gyx3nb3kx580i4r9qg9q1iw45xbp9-graalvm8-ce/bin/.java-wrapped
55efaaf66000-55efaaf87000 rw-p 00000000 00:00 0                          [heap]
7ff4f4400000-7ff4f4500000 rw-p 00000000 00:00 0 
7ff4f4600000-7ff4f4700000 rw-p 00000000 00:00 0 
7ff4f4800000-7ff4f4900000 rw-p 00000000 00:00 0 
7ff4f4a00000-7ff4f4b00000 rw-p 00000000 00:00 0 
7ff4f4c00000-7ff4f4d00000 rw-p 00000000 00:00 0 
7ff4f4e00000-7ff4f4f00000 rw-p 00000000 00:00 0 
7ff4f5000000-7ff4f5100000 rw-p 00000000 00:00 0 
7ff4f5200000-7ff4f5300000 rw-p 00000000 00:00 0 
7ff4f5400000-7ff4f5500000 rw-p 00000000 00:00 0 
7ff4f5600000-7ff4f5700000 rw-p 00000000 00:00 0 
7ff4f5800000-7ff4f5900000 rw-p 00000000 00:00 0 
7ff4f5a00000-7ff4f5b00000 rw-p 00000000 00:00 0 
7ff4f5c00000-7ff4f5d00000 rw-p 00000000 00:00 0 
7ff4f5e00000-7ff4f5f00000 rw-p 00000000 00:00 0 
7ff4f6000000-7ff4f6100000 rw-p 00000000 00:00 0 
7ff4f6200000-7ff4f6300000 rw-p 00000000 00:00 0 
7ff4f6400000-7ff4f6500000 rw-p 00000000 00:00 0 
7ff4f6600000-7ff4f6700000 rw-p 00000000 00:00 0 
7ff4f6800000-7ff4f6900000 rw-p 00000000 00:00 0 
7ff4f6a00000-7ff4f6b00000 rw-p 00000000 00:00 0 
7ff4f6c00000-7ff4f6d00000 rw-p 00000000 00:00 0 
7ff4f6e00000-7ff4f6f00000 rw-p 00000000 00:00 0 
7ff4f7000000-7ff4f7100000 rw-p 00000000 00:00 0 
7ff4f7200000-7ff4f7300000 rw-p 00000000 00:00 0 
7ff4f7400000-7ff4f7500000 rw-p 00000000 00:00 0 
7ff4f7600000-7ff4f7700000 rw-p 00000000 00:00 0 
7ff4f7800000-7ff4f7900000 rw-p 00000000 00:00 0 
7ff4f7a00000-7ff4f7b00000 rw-p 00000000 00:00 0 
7ff4f7c00000-7ff4f7d00000 rw-p 00000000 00:00 0 
7ff4f7e00000-7ff4f7f00000 rw-p 00000000 00:00 0 
7ff4f8000000-7ff4f8021000 rw-p 00000000 00:00 0 
7ff4f8021000-7ff4fc000000 ---p 00000000 00:00 0 
7ff4fc100000-7ff4fc200000 rw-p 00000000 00:00 0 
7ff4fc300000-7ff4fc400000 rw-p 00000000 00:00 0 
7ff4fc500000-7ff4fc600000 rw-p 00000000 00:00 0 
7ff4fc700000-7ff4fc800000 rw-p 00000000 00:00 0 
7ff4fc900000-7ff4fca00000 rw-p 00000000 00:00 0 
7ff4fcb00000-7ff4fcc00000 rw-p 00000000 00:00 0 
7ff4fcd00000-7ff4fce00000 rw-p 00000000 00:00 0 
7ff4fcf00000-7ff4fd000000 rw-p 00000000 00:00 0 
7ff4fd100000-7ff4fd200000 rw-p 00000000 00:00 0 
7ff4fd300000-7ff4fd400000 rw-p 00000000 00:00 0 
7ff4fd500000-7ff4fd600000 rw-p 00000000 00:00 0 
7ff4fd6ff000-7ff4fd702000 ---p 00000000 00:00 0 
7ff4fd702000-7ff4fd900000 rw-p 00000000 00:00 0 
7ff4fda00000-7ff4fdb00000 rw-p 00000000 00:00 0 
7ff4fdc00000-7ff4fdd00000 rw-p 00000000 00:00 0 
7ff4fde00000-7ff4fdf00000 rw-p 00000000 00:00 0 
7ff4fe000000-7ff4fe100000 rw-p 00000000 00:00 0 
7ff4fe200000-7ff4fe300000 rw-p 00000000 00:00 0 
7ff4fe400000-7ff4fe500000 rw-p 00000000 00:00 0 
7ff4fe600000-7ff4fe680000 rw-p 00000000 00:00 0 
7ff4fe680000-7ff4fe800000 ---p 00000000 00:00 0 
7ff4fe800000-7ff4fe900000 rw-p 00000000 00:00 0 
7ff4fea00000-7ff4feb00000 rw-p 00000000 00:00 0 
7ff4fec00000-7ff4fed00000 rw-p 00000000 00:00 0 
7ff4fee00000-7ff4fef00000 rw-p 00000000 00:00 0 
7ff4ff000000-7ff4ff100000 rw-p 00000000 00:00 0 
7ff4ff200000-7ff4ff300000 rw-p 00000000 00:00 0 
7ff4ff400000-7ff4ff500000 rw-p 00000000 00:00 0 
7ff4ff600000-7ff4ff700000 rw-p 00000000 00:00 0 
7ff4ff800000-7ff4ff900000 rw-p 00000000 00:00 0 
7ff4ffa00000-7ff4ffb00000 rw-p 00000000 00:00 0 
7ff4ffc00000-7ff4ffd00000 rw-p 00000000 00:00 0 
7ff4ffe00000-7ff4fff00000 rw-p 00000000 00:00 0 
7ff500000000-7ff500100000 rw-p 00000000 00:00 0 
7ff500200000-7ff500300000 rw-p 00000000 00:00 0 
7ff500400000-7ff500500000 rw-p 00000000 00:00 0 
7ff500600000-7ff500700000 rw-p 00000000 00:00 0 
7ff500800000-7ff500900000 rw-p 00000000 00:00 0 
7ff500a00000-7ff500b00000 rw-p 00000000 00:00 0 
7ff500c00000-7ff500d00000 rw-p 00000000 00:00 0 
7ff500e00000-7ff500f00000 rw-p 00000000 00:00 0 
7ff501000000-7ff501100000 rw-p 00000000 00:00 0 
7ff501200000-7ff501300000 rw-p 00000000 00:00 0 
7ff501400000-7ff501500000 rw-p 00000000 00:00 0 
7ff501600000-7ff501700000 rw-p 00000000 00:00 0 
7ff501800000-7ff501900000 rw-p 00000000 00:00 0 
7ff501a00000-7ff501b00000 rw-p 00000000 00:00 0 
7ff501c00000-7ff501d00000 rw-p 00000000 00:00 0 
7ff501e00000-7ff501f00000 rw-p 00000000 00:00 0 
7ff502000000-7ff502100000 rw-p 00000000 00:00 0 
7ff502200000-7ff502300000 rw-p 00000000 00:00 0 
7ff502400000-7ff502500000 rw-p 00000000 00:00 0 
7ff502600000-7ff502700000 rw-p 00000000 00:00 0 
7ff502800000-7ff502900000 rw-p 00000000 00:00 0 
7ff502a00000-7ff502b00000 rw-p 00000000 00:00 0 
7ff502c00000-7ff502d00000 rw-p 00000000 00:00 0 
7ff502e00000-7ff502f00000 rw-p 00000000 00:00 0 
7ff503000000-7ff503100000 rw-p 00000000 00:00 0 
7ff503200000-7ff503300000 rw-p 00000000 00:00 0 
7ff503400000-7ff503500000 rw-p 00000000 00:00 0 
7ff503600000-7ff503700000 rw-p 00000000 00:00 0 
7ff503800000-7ff503900000 rw-p 00000000 00:00 0 
7ff503a00000-7ff503b00000 rw-p 00000000 00:00 0 
7ff503c00000-7ff503d00000 rw-p 00000000 00:00 0 
7ff503e00000-7ff503f00000 rw-p 00000000 00:00 0 
7ff504000000-7ff504021000 rw-p 00000000 00:00 0 
7ff504021000-7ff508000000 ---p 00000000 00:00 0 
7ff508000000-7ff5081c0000 rw-p 00000000 00:00 0 
7ff5081c0000-7ff508300000 rw-p 00000000 00:00 0 
7ff508400000-7ff508500000 rw-p 00000000 00:00 0 
7ff508600000-7ff508700000 rw-p 00000000 00:00 0 
7ff508800000-7ff508900000 rw-p 00000000 00:00 0 
7ff508a00000-7ff508b00000 rw-p 00000000 00:00 0 
7ff508c00000-7ff508d00000 rw-p 00000000 00:00 0 
7ff508e00000-7ff508f00000 rw-p 00000000 00:00 0 
7ff509000000-7ff509100000 rw-p 00000000 00:00 0 
7ff509200000-7ff509300000 rw-p 00000000 00:00 0 
7ff509400000-7ff509500000 rw-p 00000000 00:00 0 
7ff509600000-7ff509700000 rw-p 00000000 00:00 0 
7ff509800000-7ff509900000 rw-p 00000000 00:00 0 
7ff509a00000-7ff509b00000 rw-p 00000000 00:00 0 
7ff509c00000-7ff509d00000 rw-p 00000000 00:00 0 
7ff509e00000-7ff509f00000 rw-p 00000000 00:00 0 
7ff50a000000-7ff50a100000 rw-p 00000000 00:00 0 
7ff50a200000-7ff50a300000 rw-p 00000000 00:00 0 
7ff50a400000-7ff50a500000 rw-p 00000000 00:00 0 
7ff50a600000-7ff50a700000 rw-p 00000000 00:00 0 
7ff50a800000-7ff50a900000 rw-p 00000000 00:00 0 
7ff50aa00000-7ff50ab00000 rw-p 00000000 00:00 0 
7ff50ac00000-7ff50ad00000 rw-p 00000000 00:00 0 
7ff50ae00000-7ff50af00000 rw-p 00000000 00:00 0 
7ff50b000000-7ff50b100000 rw-p 00000000 00:00 0 
7ff50b200000-7ff50b300000 rw-p 00000000 00:00 0 
7ff50b400000-7ff50b500000 rw-p 00000000 00:00 0 
7ff50b600000-7ff50b700000 rw-p 00000000 00:00 0 
7ff50b800000-7ff50b900000 rw-p 00000000 00:00 0 
7ff50ba00000-7ff50bb00000 rw-p 00000000 00:00 0 
7ff50bc00000-7ff50bd00000 rw-p 00000000 00:00 0 
7ff50be00000-7ff50bf00000 rw-p 00000000 00:00 0 
7ff50c000000-7ff50c021000 rw-p 00000000 00:00 0 
7ff50c021000-7ff510000000 ---p 00000000 00:00 0 
7ff510000000-7ff510021000 rw-p 00000000 00:00 0 
7ff510021000-7ff514000000 ---p 00000000 00:00 0 
7ff514000000-7ff514100000 rw-p 00000000 00:00 0 
7ff514200000-7ff514300000 rw-p 00000000 00:00 0 
7ff514400000-7ff514500000 rw-p 00000000 00:00 0 
7ff514600000-7ff514700000 rw-p 00000000 00:00 0 
7ff514800000-7ff514900000 rw-p 00000000 00:00 0 
7ff514a00000-7ff514b00000 rw-p 00000000 00:00 0 
7ff514c00000-7ff514d00000 rw-p 00000000 00:00 0 
7ff514e00000-7ff514f00000 rw-p 00000000 00:00 0 
7ff515000000-7ff515100000 rw-p 00000000 00:00 0 
7ff515200000-7ff515300000 rw-p 00000000 00:00 0 
7ff515400000-7ff515500000 rw-p 00000000 00:00 0 
7ff515600000-7ff5157c0000 rw-p 00000000 00:00 0 
7ff5157c0000-7ff515900000 rw-p 00000000 00:00 0 
7ff515a00000-7ff515b00000 rw-p 00000000 00:00 0 
7ff515c00000-7ff515d00000 rw-p 00000000 00:00 0 
7ff515e00000-7ff515f00000 rw-p 00000000 00:00 0 
7ff516000000-7ff516100000 rw-p 00000000 00:00 0 
7ff516200000-7ff516300000 rw-p 00000000 00:00 0 
7ff516400000-7ff516500000 rw-p 00000000 00:00 0 
7ff516600000-7ff516700000 rw-p 00000000 00:00 0 
7ff516800000-7ff516900000 rw-p 00000000 00:00 0 
7ff516a00000-7ff516b00000 rw-p 00000000 00:00 0 
7ff516c00000-7ff516d00000 rw-p 00000000 00:00 0 
7ff516db8000-7ff516dea000 r-xp 00000000 00:447 4611686018609467203       /nix/store/x26gyx3nb3kx580i4r9qg9q1iw45xbp9-graalvm8-ce/jre/lib/amd64/libsunec.so
7ff516dea000-7ff516fe9000 ---p 00032000 00:447 4611686018609467203       /nix/store/x26gyx3nb3kx580i4r9qg9q1iw45xbp9-graalvm8-ce/jre/lib/amd64/libsunec.so
7ff516fe9000-7ff516fee000 r--p 00031000 00:447 4611686018609467203       /nix/store/x26gyx3nb3kx580i4r9qg9q1iw45xbp9-graalvm8-ce/jre/lib/amd64/libsunec.so
7ff516fee000-7ff516ff0000 rw-p 00036000 00:447 4611686018609467203       /nix/store/x26gyx3nb3kx580i4r9qg9q1iw45xbp9-graalvm8-ce/jre/lib/amd64/libsunec.so
7ff516ff0000-7ff517100000 rw-p 00000000 00:00 0 
7ff517200000-7ff517300000 rw-p 00000000 00:00 0 
7ff5173ff000-7ff517402000 ---p 00000000 00:00 0 
7ff517402000-7ff517600000 rw-p 00000000 00:00 0 
7ff517700000-7ff517800000 rw-p 00000000 00:00 0 
7ff517900000-7ff517a00000 rw-p 00000000 00:00 0 
7ff517b00000-7ff517c00000 rw-p 00000000 00:00 0 
7ff517cff000-7ff517d02000 ---p 00000000 00:00 0 
7ff517d02000-7ff517f00000 rw-p 00000000 00:00 0 
7ff518000000-7ff518021000 rw-p 00000000 00:00 0 
7ff518021000-7ff51c000000 ---p 00000000 00:00 0 
7ff51c000000-7ff51c021000 rw-p 00000000 00:00 0 
7ff51c021000-7ff520000000 ---p 00000000 00:00 0 
7ff520000000-7ff520021000 rw-p 00000000 00:00 0 
7ff520021000-7ff524000000 ---p 00000000 00:00 0 
7ff524000000-7ff524024000 rw-p 00000000 00:00 0 
7ff524024000-7ff528000000 ---p 00000000 00:00 0 
7ff528000000-7ff528021000 rw-p 00000000 00:00 0 
7ff528021000-7ff52c000000 ---p 00000000 00:00 0 
7ff52c0fd000-7ff52c100000 ---p 00000000 00:00 0 
7ff52c100000-7ff52c1fe000 rw-p 00000000 00:00 0 
7ff52c1fe000-7ff52c201000 ---p 00000000 00:00 0 
7ff52c201000-7ff52c2ff000 rw-p 00000000 00:00 0 
7ff52c2ff000-7ff52c302000 ---p 00000000 00:00 0 
7ff52c302000-7ff52c500000 rw-p 00000000 00:00 0 
7ff52c600000-7ff52c700000 rw-p 00000000 00:00 0 
7ff52c800000-7ff52c900000 rw-p 00000000 00:00 0 
7ff52ca00000-7ff52cb00000 rw-p 00000000 00:00 0 
7ff52cc00000-7ff52cd00000 rw-p 00000000 00:00 0 
7ff52ce00000-7ff52cf00000 rw-p 00000000 00:00 0 
7ff52d000000-7ff52d100000 rw-p 00000000 00:00 0 
7ff52d200000-7ff52d284000 r-xp 00000000 00:54 366                        /tmp/sqlite-unknown-libsqlitejdbc.so
7ff52d284000-7ff52d484000 ---p 00084000 00:54 366                        /tmp/sqlite-unknown-libsqlitejdbc.so
7ff52d484000-7ff52d485000 r--p 00084000 00:54 366                        /tmp/sqlite-unknown-libsqlitejdbc.so
7ff52d485000-7ff52d488000 rw-p 00085000 00:54 366                        /tmp/sqlite-unknown-libsqlitejdbc.so
7ff52d4ff000-7ff52d502000 ---p 00000000 00:00 0 
7ff52d502000-7ff52d700000 rw-p 00000000 00:00 0 
7ff52d800000-7ff52d9c0000 rw-p 00000000 00:00 0 
7ff52d9c0000-7ff52db00000 rw-p 00000000 00:00 0 
7ff52dc00000-7ff52dd00000 rw-p 00000000 00:00 0 
7ff52de00000-7ff52df00000 rw-p 00000000 00:00 0 
7ff52e000000-7ff52e100000 rw-p 00000000 00:00 0 
7ff52e200000-7ff52e300000 rw-p 00000000 00:00 0 
7ff52e400000-7ff52e500000 rw-p 00000000 00:00 0 
7ff52e600000-7ff52e700000 rw-p 00000000 00:00 0 
7ff52e800000-7ff52e900000 rw-p 00000000 00:00 0 
7ff52ea00000-7ff52eb00000 rw-p 00000000 00:00 0 
7ff52ec00000-7ff52ed00000 rw-p 00000000 00:00 0 
7ff52ee00000-7ff52ef00000 rw-p 00000000 00:00 0 
7ff52f000000-7ff52f100000 rw-p 00000000 00:00 0 
7ff52f200000-7ff52f300000 rw-p 00000000 00:00 0 
7ff52f400000-7ff52f500000 rw-p 00000000 00:00 0 
7ff52f5ff000-7ff52f602000 ---p 00000000 00:00 0 
7ff52f602000-7ff52f800000 rw-p 00000000 00:00 0 
7ff52f900000-7ff52fa00000 rw-p 00000000 00:00 0 
7ff52fb00000-7ff52fc00000 rw-p 00000000 00:00 0 
7ff52fcff000-7ff52fd02000 ---p 00000000 00:00 0 
7ff52fd02000-7ff52ff00000 rw-p 00000000 00:00 0 
7ff530000000-7ff530021000 rw-p 00000000 00:00 0 
7ff530021000-7ff534000000 ---p 00000000 00:00 0 
7ff534000000-7ff5342fc000 rw-p 00000000 00:00 0 
7ff5342fc000-7ff538000000 ---p 00000000 00:00 0 
7ff538000000-7ff538021000 rw-p 00000000 00:00 0 
7ff538021000-7ff53c000000 ---p 00000000 00:00 0 
7ff53c000000-7ff53c021000 rw-p 00000000 00:00 0 
7ff53c021000-7ff540000000 ---p 00000000 00:00 0 
7ff540000000-7ff540021000 rw-p 00000000 00:00 0 
7ff540021000-7ff544000000 ---p 00000000 00:00 0 
7ff544000000-7ff544100000 rw-p 00000000 00:00 0 
7ff544200000-7ff544300000 rw-p 00000000 00:00 0 
7ff544400000-7ff544500000 rw-p 00000000 00:00 0 
7ff544600000-7ff544700000 rw-p 00000000 00:00 0 
7ff544800000-7ff544900000 rw-p 00000000 00:00 0 
7ff544a00000-7ff544b00000 rw-p 00000000 00:00 0 
7ff544c00000-7ff544d00000 rw-p 00000000 00:00 0 
7ff544e00000-7ff544f00000 rw-p 00000000 00:00 0 
7ff545000000-7ff545100000 rw-p 00000000 00:00 0 
7ff545200000-7ff545300000 rw-p 00000000 00:00 0 
7ff545400000-7ff545500000 rw-p 00000000 00:00 0 
7ff545600000-7ff545700000 rw-p 00000000 00:00 0 
7ff545800000-7ff545900000 rw-p 00000000 00:00 0 
7ff545a00000-7ff545b00000 rw-p 00000000 00:00 0 
7ff545c00000-7ff545dc0000 rw-p 00000000 00:00 0 
7ff545dc0000-7ff545f00000 rw-p 00000000 00:00 0 
7ff546000000-7ff546100000 rw-p 00000000 00:00 0 
7ff546200000-7ff546300000 rw-p 00000000 00:00 0 
7ff5463fc000-7ff5463ff000 ---p 00000000 00:00 0 
7ff5463ff000-7ff5464fd000 rw-p 00000000 00:00 0 
7ff5464fd000-7ff546500000 ---p 00000000 00:00 0 
7ff546500000-7ff5465fe000 rw-p 00000000 00:00 0 
7ff5465fe000-7ff546601000 ---p 00000000 00:00 0 
7ff546601000-7ff5466ff000 rw-p 00000000 00:00 0 
7ff5466ff000-7ff546702000 ---p 00000000 00:00 0 
7ff546702000-7ff546900000 rw-p 00000000 00:00 0 
7ff546a00000-7ff546b00000 rw-p 00000000 00:00 0 
7ff546c00000-7ff546d00000 rw-p 00000000 00:00 0 
7ff546e00000-7ff546f00000 rw-p 00000000 00:00 0 
7ff547000000-7ff547100000 rw-p 00000000 00:00 0 
7ff547200000-7ff547300000 rw-p 00000000 00:00 0 
7ff547400000-7ff547500000 rw-p 00000000 00:00 0 
7ff547600000-7ff547700000 rw-p 00000000 00:00 0 
7ff547800000-7ff547900000 rw-p 00000000 00:00 0 
7ff547a00000-7ff547b00000 rw-p 00000000 00:00 0 
7ff547c00000-7ff547d00000 rw-p 00000000 00:00 0 
7ff547e00000-7ff547f00000 rw-p 00000000 00:00 0 
7ff548000000-7ff548347000 rw-p 00000000 00:00 0 
7ff548347000-7ff54c000000 ---p 00000000 00:00 0 
7ff54c000000-7ff54c021000 rw-p 00000000 00:00 0 
7ff54c021000-7ff550000000 ---p 00000000 00:00 0 
7ff550100000-7ff550200000 rw-p 00000000 00:00 0 
7ff550300000-7ff550400000 rw-p 00000000 00:00 0 
7ff550500000-7ff550600000 rw-p 00000000 00:00 0 
7ff550700000-7ff550800000 rw-p 00000000 00:00 0 
7ff5508ff000-7ff550902000 ---p 00000000 00:00 0 
7ff550902000-7ff550b00000 rw-p 00000000 00:00 0 
7ff550c00000-7ff550d00000 rw-p 00000000 00:00 0 
7ff550e00000-7ff550f00000 rw-p 00000000 00:00 0 
7ff551000000-7ff551100000 rw-p 00000000 00:00 0 
7ff551200000-7ff551300000 rw-p 00000000 00:00 0 
7ff551400000-7ff551500000 rw-p 00000000 00:00 0 
7ff551600000-7ff551700000 rw-p 00000000 00:00 0 
7ff551800000-7ff551900000 rw-p 00000000 00:00 0 
7ff551a00000-7ff551b00000 rw-p 00000000 00:00 0 
7ff551c00000-7ff551d00000 rw-p 00000000 00:00 0 
7ff551e00000-7ff551f00000 rw-p 00000000 00:00 0 
7ff552000000-7ff552100000 rw-p 00000000 00:00 0 
7ff552200000-7ff552300000 rw-p 00000000 00:00 0 
7ff552400000-7ff552500000 rw-p 00000000 00:00 0 
7ff552600000-7ff552700000 rw-p 00000000 00:00 0 
7ff552800000-7ff552900000 rw-p 00000000 00:00 0 
7ff5529ff000-7ff552a00000 ---p 00000000 00:00 0 
7ff552a00000-7ff552a03000 ---p 00000000 00:00 0 
7ff552a03000-7ff553200000 rw-p 00000000 00:00 0 
7ff553200000-7ff5536aa000 r--p 00e97000 00:447 4611686018609464899       /nix/store/x26gyx3nb3kx580i4r9qg9q1iw45xbp9-graalvm8-ce/jre/lib/amd64/libjvmcicompiler.so
7ff5536aa000-7ff553700000 r--p 00000000 00:00 0 
7ff553700000-7ff5537d7000 rw-p 00000000 00:00 0 
7ff5537d7000-7ff553b00000 rw-p 0146e000 00:447 4611686018609464899       /nix/store/x26gyx3nb3kx580i4r9qg9q1iw45xbp9-graalvm8-ce/jre/lib/amd64/libjvmcicompiler.so
7ff553b00000-7ff553f42000 r--p 01797000 00:447 4611686018609464899       /nix/store/x26gyx3nb3kx580i4r9qg9q1iw45xbp9-graalvm8-ce/jre/lib/amd64/libjvmcicompiler.so
7ff554000000-7ff554346000 rw-p 00000000 00:00 0 
7ff554346000-7ff558000000 ---p 00000000 00:00 0 
7ff558000000-7ff558021000 rw-p 00000000 00:00 0 
7ff558021000-7ff55c000000 ---p 00000000 00:00 0 
7ff55c000000-7ff55c021000 rw-p 00000000 00:00 0 
7ff55c021000-7ff560000000 ---p 00000000 00:00 0 
7ff560000000-7ff5603b6000 rw-p 00000000 00:00 0 
7ff5603b6000-7ff564000000 ---p 00000000 00:00 0 
7ff564000000-7ff564021000 rw-p 00000000 00:00 0 
7ff564021000-7ff568000000 ---p 00000000 00:00 0 
7ff568000000-7ff568021000 rw-p 00000000 00:00 0 
7ff568021000-7ff56c000000 ---p 00000000 00:00 0 
7ff56c000000-7ff56c021000 rw-p 00000000 00:00 0 
7ff56c021000-7ff570000000 ---p 00000000 00:00 0 
7ff570000000-7ff570100000 rw-p 00000000 00:00 0 
7ff57010b000-7ff57010f000 r--p 00000000 00:447 4611686018693337841       /nix/store/9bh3986bpragfjmr32gay8p95k91q4gy-glibc-2.33-47/lib/libresolv-2.33.so
7ff57010f000-7ff57011b000 r-xp 00004000 00:447 4611686018693337841       /nix/store/9bh3986bpragfjmr32gay8p95k91q4gy-glibc-2.33-47/lib/libresolv-2.33.so
7ff57011b000-7ff57011e000 r--p 00010000 00:447 4611686018693337841       /nix/store/9bh3986bpragfjmr32gay8p95k91q4gy-glibc-2.33-47/lib/libresolv-2.33.so
7ff57011e000-7ff57011f000 ---p 00013000 00:447 4611686018693337841       /nix/store/9bh3986bpragfjmr32gay8p95k91q4gy-glibc-2.33-47/lib/libresolv-2.33.so
7ff57011f000-7ff570120000 r--p 00013000 00:447 4611686018693337841       /nix/store/9bh3986bpragfjmr32gay8p95k91q4gy-glibc-2.33-47/lib/libresolv-2.33.so
7ff570120000-7ff570121000 rw-p 00014000 00:447 4611686018693337841       /nix/store/9bh3986bpragfjmr32gay8p95k91q4gy-glibc-2.33-47/lib/libresolv-2.33.so
7ff570121000-7ff570123000 rw-p 00000000 00:00 0 
7ff570123000-7ff570125000 r--p 00000000 00:447 4611686018693337828       /nix/store/9bh3986bpragfjmr32gay8p95k91q4gy-glibc-2.33-47/lib/libnss_dns-2.33.so
7ff570125000-7ff570128000 r-xp 00002000 00:447 4611686018693337828       /nix/store/9bh3986bpragfjmr32gay8p95k91q4gy-glibc-2.33-47/lib/libnss_dns-2.33.so
7ff570128000-7ff570129000 r--p 00005000 00:447 4611686018693337828       /nix/store/9bh3986bpragfjmr32gay8p95k91q4gy-glibc-2.33-47/lib/libnss_dns-2.33.so
7ff570129000-7ff57012a000 r--p 00005000 00:447 4611686018693337828       /nix/store/9bh3986bpragfjmr32gay8p95k91q4gy-glibc-2.33-47/lib/libnss_dns-2.33.so
7ff57012a000-7ff57012b000 rw-p 00006000 00:447 4611686018693337828       /nix/store/9bh3986bpragfjmr32gay8p95k91q4gy-glibc-2.33-47/lib/libnss_dns-2.33.so
7ff57012b000-7ff570131000 r--s 0003d000 00:447 4611686018609581470       /nix/store/x26gyx3nb3kx580i4r9qg9q1iw45xbp9-graalvm8-ce/jre/lib/ext/sunjce_provider.jar
7ff570131000-7ff570134000 r--p 00000000 00:447 4611686018693337812       /nix/store/9bh3986bpragfjmr32gay8p95k91q4gy-glibc-2.33-47/lib/libgcc_s.so.1
7ff570134000-7ff570145000 r-xp 00003000 00:447 4611686018693337812       /nix/store/9bh3986bpragfjmr32gay8p95k91q4gy-glibc-2.33-47/lib/libgcc_s.so.1
7ff570145000-7ff570148000 r--p 00014000 00:447 4611686018693337812       /nix/store/9bh3986bpragfjmr32gay8p95k91q4gy-glibc-2.33-47/lib/libgcc_s.so.1
7ff570148000-7ff570149000 ---p 00017000 00:447 4611686018693337812       /nix/store/9bh3986bpragfjmr32gay8p95k91q4gy-glibc-2.33-47/lib/libgcc_s.so.1
7ff570149000-7ff57014a000 r--p 00017000 00:447 4611686018693337812       /nix/store/9bh3986bpragfjmr32gay8p95k91q4gy-glibc-2.33-47/lib/libgcc_s.so.1
7ff57014a000-7ff57014b000 rw-p 00018000 00:447 4611686018693337812       /nix/store/9bh3986bpragfjmr32gay8p95k91q4gy-glibc-2.33-47/lib/libgcc_s.so.1
7ff57014b000-7ff57014d000 r--s 00008000 00:447 4611686018609581469       /nix/store/x26gyx3nb3kx580i4r9qg9q1iw45xbp9-graalvm8-ce/jre/lib/ext/sunec.jar
7ff57014d000-7ff570150000 ---p 00000000 00:00 0 
7ff570150000-7ff570186000 rw-p 00000000 00:00 0 
7ff570186000-7ff570200000 r--s 011a7000 00:447 4611686018609581639       /nix/store/x26gyx3nb3kx580i4r9qg9q1iw45xbp9-graalvm8-ce/jre/lib/jvmci/graal.jar
7ff570200000-7ff570300000 rw-p 00000000 00:00 0 
7ff570301000-7ff570305000 r--s 00040000 00:447 4611686018609581482       /nix/store/x26gyx3nb3kx580i4r9qg9q1iw45xbp9-graalvm8-ce/jre/lib/ext/sunpkcs11.jar
7ff570305000-7ff570321000 r--s 00393000 00:447 4611686018609580575       /nix/store/x26gyx3nb3kx580i4r9qg9q1iw45xbp9-graalvm8-ce/jre/lib/ext/cldrdata.jar
7ff570321000-7ff570339000 r-xp 00000000 00:447 4611686018609467197       /nix/store/x26gyx3nb3kx580i4r9qg9q1iw45xbp9-graalvm8-ce/jre/lib/amd64/libnet.so
7ff570339000-7ff570539000 ---p 00018000 00:447 4611686018609467197       /nix/store/x26gyx3nb3kx580i4r9qg9q1iw45xbp9-graalvm8-ce/jre/lib/amd64/libnet.so
7ff570539000-7ff57053a000 r--p 00018000 00:447 4611686018609467197       /nix/store/x26gyx3nb3kx580i4r9qg9q1iw45xbp9-graalvm8-ce/jre/lib/amd64/libnet.so
7ff57053a000-7ff57053b000 rw-p 00019000 00:447 4611686018609467197       /nix/store/x26gyx3nb3kx580i4r9qg9q1iw45xbp9-graalvm8-ce/jre/lib/amd64/libnet.so
7ff57053b000-7ff57053d000 rw-p 00020000 00:447 4611686018609467197       /nix/store/x26gyx3nb3kx580i4r9qg9q1iw45xbp9-graalvm8-ce/jre/lib/amd64/libnet.so
7ff57053d000-7ff57054e000 r-xp 00000000 00:447 4611686018609467198       /nix/store/x26gyx3nb3kx580i4r9qg9q1iw45xbp9-graalvm8-ce/jre/lib/amd64/libnio.so
7ff57054e000-7ff57074d000 ---p 00011000 00:447 4611686018609467198       /nix/store/x26gyx3nb3kx580i4r9qg9q1iw45xbp9-graalvm8-ce/jre/lib/amd64/libnio.so
7ff57074d000-7ff57074e000 r--p 00010000 00:447 4611686018609467198       /nix/store/x26gyx3nb3kx580i4r9qg9q1iw45xbp9-graalvm8-ce/jre/lib/amd64/libnio.so
7ff57074e000-7ff57074f000 rw-p 00011000 00:447 4611686018609467198       /nix/store/x26gyx3nb3kx580i4r9qg9q1iw45xbp9-graalvm8-ce/jre/lib/amd64/libnio.so
7ff57074f000-7ff570753000 rw-p 00018000 00:447 4611686018609467198       /nix/store/x26gyx3nb3kx580i4r9qg9q1iw45xbp9-graalvm8-ce/jre/lib/amd64/libnio.so
7ff570753000-7ff57232e000 r-xp 00000000 00:447 4611686018609464899       /nix/store/x26gyx3nb3kx580i4r9qg9q1iw45xbp9-graalvm8-ce/jre/lib/amd64/libjvmcicompiler.so
7ff57232e000-7ff57252d000 ---p 01bdb000 00:447 4611686018609464899       /nix/store/x26gyx3nb3kx580i4r9qg9q1iw45xbp9-graalvm8-ce/jre/lib/amd64/libjvmcicompiler.so
7ff57252d000-7ff57252e000 r--p 01bda000 00:447 4611686018609464899       /nix/store/x26gyx3nb3kx580i4r9qg9q1iw45xbp9-graalvm8-ce/jre/lib/amd64/libjvmcicompiler.so
7ff57252e000-7ff572530000 rw-p 01bdb000 00:447 4611686018609464899       /nix/store/x26gyx3nb3kx580i4r9qg9q1iw45xbp9-graalvm8-ce/jre/lib/amd64/libjvmcicompiler.so
7ff572530000-7ff572535000 rw-p 01e01000 00:447 4611686018609464899       /nix/store/x26gyx3nb3kx580i4r9qg9q1iw45xbp9-graalvm8-ce/jre/lib/amd64/libjvmcicompiler.so
7ff572535000-7ff572536000 ---p 00000000 00:00 0 
7ff572536000-7ff572636000 rw-p 00000000 00:00 0 
7ff572636000-7ff572639000 ---p 00000000 00:00 0 
7ff572639000-7ff572737000 rw-p 00000000 00:00 0 
7ff572737000-7ff572738000 ---p 00000000 00:00 0 
7ff572738000-7ff57273b000 ---p 00000000 00:00 0 
7ff57273b000-7ff572938000 rw-p 00000000 00:00 0 
7ff572938000-7ff572939000 ---p 00000000 00:00 0 
7ff572939000-7ff57293c000 ---p 00000000 00:00 0 
7ff57293c000-7ff572b39000 rw-p 00000000 00:00 0 
7ff572b39000-7ff572b3c000 ---p 00000000 00:00 0 
7ff572b3c000-7ff572c3a000 rw-p 00000000 00:00 0 
7ff572c3a000-7ff572f20000 r--p 00000000 00:87 28444448                   /usr/lib/locale/locale-archive
7ff572f20000-7ff572f23000 ---p 00000000 00:00 0 
7ff572f23000-7ff573021000 rw-p 00000000 00:00 0 
7ff573021000-7ff573024000 ---p 00000000 00:00 0 
7ff573024000-7ff573122000 rw-p 00000000 00:00 0 
7ff573122000-7ff573123000 ---p 00000000 00:00 0 
7ff573123000-7ff573e2f000 rw-p 00000000 00:00 0 
7ff573e2f000-7ff574000000 r--s 03ca5000 00:447 4611686018609467254       /nix/store/x26gyx3nb3kx580i4r9qg9q1iw45xbp9-graalvm8-ce/jre/lib/rt.jar
7ff574000000-7ff574021000 rw-p 00000000 00:00 0 
7ff574021000-7ff578000000 ---p 00000000 00:00 0 
7ff578000000-7ff578021000 rw-p 00000000 00:00 0 
7ff578021000-7ff57c000000 ---p 00000000 00:00 0 
7ff57c000000-7ff57c021000 rw-p 00000000 00:00 0 
7ff57c021000-7ff580000000 ---p 00000000 00:00 0 
7ff580000000-7ff580002000 r--s 00016000 00:447 4611686018609467223       /nix/store/x26gyx3nb3kx580i4r9qg9q1iw45xbp9-graalvm8-ce/jre/lib/jce.jar
7ff580002000-7ff58000d000 r--s 00116000 00:447 4611686018609581069       /nix/store/x26gyx3nb3kx580i4r9qg9q1iw45xbp9-graalvm8-ce/jre/lib/ext/localedata.jar
7ff58000d000-7ff580020000 r--s 0034b000 00:447 4611686018609467253       /nix/store/x26gyx3nb3kx580i4r9qg9q1iw45xbp9-graalvm8-ce/jre/lib/resources.jar
7ff580020000-7ff580031000 r--s 001c4000 00:447 4611686018609467226       /nix/store/x26gyx3nb3kx580i4r9qg9q1iw45xbp9-graalvm8-ce/jre/lib/jsse.jar
7ff580031000-7ff5800c8000 r--s 00b67000 00:15a7 326                      /home/runner/Eaglercraft-152-Server-Maintenance-underway/java/bungee_command/bungee-dist.jar
7ff5800c8000-7ff580a3e000 rw-p 00000000 00:00 0 
7ff580a3e000-7ff580a3f000 ---p 00000000 00:00 0 
7ff580a3f000-7ff580b3f000 rw-p 00000000 00:00 0 
7ff580b3f000-7ff580b40000 ---p 00000000 00:00 0 
7ff580b40000-7ff580c51000 rw-p 00000000 00:00 0 
7ff580c51000-7ff581000000 ---p 00000000 00:00 0 
7ff581000000-7ff581440000 rwxp 00000000 00:00 0 
7ff581440000-7ff590000000 ---p 00000000 00:00 0 
7ff590000000-7ff590625000 rw-p 00000000 00:00 0 
7ff590625000-7ff594000000 ---p 00000000 00:00 0 
7ff594000000-7ff594001000 r--s 00000000 00:447 4611686018609581638       /nix/store/x26gyx3nb3kx580i4r9qg9q1iw45xbp9-graalvm8-ce/jre/lib/jvmci/graal-truffle-jfr-impl.jar
7ff594001000-7ff594005000 r--s 00089000 00:447 4611686018609584377       /nix/store/x26gyx3nb3kx580i4r9qg9q1iw45xbp9-graalvm8-ce/jre/lib/jvmci/jvmci-hotspot.jar
7ff594005000-7ff594009000 r--s 0004f000 00:447 4611686018609584374       /nix/store/x26gyx3nb3kx580i4r9qg9q1iw45xbp9-graalvm8-ce/jre/lib/jvmci/jvmci-api.jar
7ff594009000-7ff59400a000 r--s 00010000 00:447 4611686018609580485       /nix/store/x26gyx3nb3kx580i4r9qg9q1iw45xbp9-graalvm8-ce/jre/lib/boot/graaljs-scriptengine.jar
7ff59400a000-7ff59400f000 r--s 0005c000 00:447 4611686018609580484       /nix/store/x26gyx3nb3kx580i4r9qg9q1iw45xbp9-graalvm8-ce/jre/lib/boot/graal-sdk.src.zip
7ff59400f000-7ff594010000 r--s 00004000 00:447 4611686018609580486       /nix/store/x26gyx3nb3kx580i4r9qg9q1iw45xbp9-graalvm8-ce/jre/lib/boot/truffleruby-services.jar
7ff594010000-7ff594018000 r--s 0008b000 00:447 4611686018609580483       /nix/store/x26gyx3nb3kx580i4r9qg9q1iw45xbp9-graalvm8-ce/jre/lib/boot/graal-sdk.jar
7ff594018000-7ff594019000 r--s 00005000 00:447 4611686018609467232       /nix/store/x26gyx3nb3kx580i4r9qg9q1iw45xbp9-graalvm8-ce/jre/lib/jvmci-services.jar
7ff594019000-7ff59401f000 r--s 000d3000 00:447 4611686018609467225       /nix/store/x26gyx3nb3kx580i4r9qg9q1iw45xbp9-graalvm8-ce/jre/lib/jfr.jar
7ff59401f000-7ff5940d9000 rw-p 00000000 00:00 0 
7ff5940d9000-7ff5940da000 ---p 00000000 00:00 0 
7ff5940da000-7ff5941f6000 rw-p 00000000 00:00 0 
7ff5941f6000-7ff5941fe000 r-xp 00000000 00:447 4611686018609467207       /nix/store/x26gyx3nb3kx580i4r9qg9q1iw45xbp9-graalvm8-ce/jre/lib/amd64/libzip.so
7ff5941fe000-7ff5943fd000 ---p 00008000 00:447 4611686018609467207       /nix/store/x26gyx3nb3kx580i4r9qg9q1iw45xbp9-graalvm8-ce/jre/lib/amd64/libzip.so
7ff5943fd000-7ff5943fe000 r--p 00007000 00:447 4611686018609467207       /nix/store/x26gyx3nb3kx580i4r9qg9q1iw45xbp9-graalvm8-ce/jre/lib/amd64/libzip.so
7ff5943fe000-7ff5943ff000 rw-p 00008000 00:447 4611686018609467207       /nix/store/x26gyx3nb3kx580i4r9qg9q1iw45xbp9-graalvm8-ce/jre/lib/amd64/libzip.so
7ff5943ff000-7ff594401000 rw-p 0000b000 00:447 4611686018609467207       /nix/store/x26gyx3nb3kx580i4r9qg9q1iw45xbp9-graalvm8-ce/jre/lib/amd64/libzip.so
7ff594401000-7ff594409000 rw-s 00000000 00:54 365                        /tmp/hsperfdata_runner/29
7ff594409000-7ff59440c000 r--p 00000000 00:447 4611686018693337831       /nix/store/9bh3986bpragfjmr32gay8p95k91q4gy-glibc-2.33-47/lib/libnss_files-2.33.so
7ff59440c000-7ff594412000 r-xp 00003000 00:447 4611686018693337831       /nix/store/9bh3986bpragfjmr32gay8p95k91q4gy-glibc-2.33-47/lib/libnss_files-2.33.so
7ff594412000-7ff594414000 r--p 00009000 00:447 4611686018693337831       /nix/store/9bh3986bpragfjmr32gay8p95k91q4gy-glibc-2.33-47/lib/libnss_files-2.33.so
7ff594414000-7ff594415000 r--p 0000a000 00:447 4611686018693337831       /nix/store/9bh3986bpragfjmr32gay8p95k91q4gy-glibc-2.33-47/lib/libnss_files-2.33.so
7ff594415000-7ff594416000 rw-p 0000b000 00:447 4611686018693337831       /nix/store/9bh3986bpragfjmr32gay8p95k91q4gy-glibc-2.33-47/lib/libnss_files-2.33.so
7ff594416000-7ff59441d000 rw-p 00000000 00:00 0 
7ff59441d000-7ff59441e000 r--p 00000000 00:00 0 
7ff59441e000-7ff594446000 r-xp 00000000 00:447 4611686018609464887       /nix/store/x26gyx3nb3kx580i4r9qg9q1iw45xbp9-graalvm8-ce/jre/lib/amd64/libjava.so
7ff594446000-7ff594645000 ---p 00028000 00:447 4611686018609464887       /nix/store/x26gyx3nb3kx580i4r9qg9q1iw45xbp9-graalvm8-ce/jre/lib/amd64/libjava.so
7ff594645000-7ff594646000 r--p 00027000 00:447 4611686018609464887       /nix/store/x26gyx3nb3kx580i4r9qg9q1iw45xbp9-graalvm8-ce/jre/lib/amd64/libjava.so
7ff594646000-7ff594648000 rw-p 00028000 00:447 4611686018609464887       /nix/store/x26gyx3nb3kx580i4r9qg9q1iw45xbp9-graalvm8-ce/jre/lib/amd64/libjava.so
7ff594648000-7ff59464d000 rw-p 00034000 00:447 4611686018609464887       /nix/store/x26gyx3nb3kx580i4r9qg9q1iw45xbp9-graalvm8-ce/jre/lib/amd64/libjava.so
7ff59464d000-7ff59465c000 r-xp 00000000 00:447 4611686018609467206       /nix/store/x26gyx3nb3kx580i4r9qg9q1iw45xbp9-graalvm8-ce/jre/lib/amd64/libverify.so
7ff59465c000-7ff59485b000 ---p 0000f000 00:447 4611686018609467206       /nix/store/x26gyx3nb3kx580i4r9qg9q1iw45xbp9-graalvm8-ce/jre/lib/amd64/libverify.so
7ff59485b000-7ff59485d000 r--p 0000e000 00:447 4611686018609467206       /nix/store/x26gyx3nb3kx580i4r9qg9q1iw45xbp9-graalvm8-ce/jre/lib/amd64/libverify.so
7ff59485d000-7ff59485e000 rw-p 00010000 00:447 4611686018609467206       /nix/store/x26gyx3nb3kx580i4r9qg9q1iw45xbp9-graalvm8-ce/jre/lib/amd64/libverify.so
7ff59485e000-7ff59485f000 rw-p 00013000 00:447 4611686018609467206       /nix/store/x26gyx3nb3kx580i4r9qg9q1iw45xbp9-graalvm8-ce/jre/lib/amd64/libverify.so
7ff59485f000-7ff594862000 r--p 00000000 00:447 4611686018693337844       /nix/store/9bh3986bpragfjmr32gay8p95k91q4gy-glibc-2.33-47/lib/librt-2.33.so
7ff594862000-7ff594866000 r-xp 00003000 00:447 4611686018693337844       /nix/store/9bh3986bpragfjmr32gay8p95k91q4gy-glibc-2.33-47/lib/librt-2.33.so
7ff594866000-7ff594868000 r--p 00007000 00:447 4611686018693337844       /nix/store/9bh3986bpragfjmr32gay8p95k91q4gy-glibc-2.33-47/lib/librt-2.33.so
7ff594868000-7ff594869000 r--p 00008000 00:447 4611686018693337844       /nix/store/9bh3986bpragfjmr32gay8p95k91q4gy-glibc-2.33-47/lib/librt-2.33.so
7ff594869000-7ff59486a000 rw-p 00009000 00:447 4611686018693337844       /nix/store/9bh3986bpragfjmr32gay8p95k91q4gy-glibc-2.33-47/lib/librt-2.33.so
7ff59486a000-7ff59486b000 ---p 00000000 00:00 0 
7ff59486b000-7ff59486e000 ---p 00000000 00:00 0 
7ff59486e000-7ff59496b000 rw-p 00000000 00:00 0 
7ff59496b000-7ff59497a000 r--p 00000000 00:447 4611686018693337813       /nix/store/9bh3986bpragfjmr32gay8p95k91q4gy-glibc-2.33-47/lib/libm-2.33.so
7ff59497a000-7ff594a11000 r-xp 0000f000 00:447 4611686018693337813       /nix/store/9bh3986bpragfjmr32gay8p95k91q4gy-glibc-2.33-47/lib/libm-2.33.so
7ff594a11000-7ff594aaa000 r--p 000a6000 00:447 4611686018693337813       /nix/store/9bh3986bpragfjmr32gay8p95k91q4gy-glibc-2.33-47/lib/libm-2.33.so
7ff594aaa000-7ff594aab000 r--p 0013e000 00:447 4611686018693337813       /nix/store/9bh3986bpragfjmr32gay8p95k91q4gy-glibc-2.33-47/lib/libm-2.33.so
7ff594aab000-7ff594aac000 rw-p 0013f000 00:447 4611686018693337813       /nix/store/9bh3986bpragfjmr32gay8p95k91q4gy-glibc-2.33-47/lib/libm-2.33.so
7ff594aac000-7ff5958e3000 r-xp 00000000 00:447 4611686018609579955       /nix/store/x26gyx3nb3kx580i4r9qg9q1iw45xbp9-graalvm8-ce/jre/lib/amd64/server/libjvm.so
7ff5958e3000-7ff595ae3000 ---p 00e37000 00:447 4611686018609579955       /nix/store/x26gyx3nb3kx580i4r9qg9q1iw45xbp9-graalvm8-ce/jre/lib/amd64/server/libjvm.so
7ff595ae3000-7ff595bae000 rw-p 00e37000 00:447 4611686018609579955       /nix/store/x26gyx3nb3kx580i4r9qg9q1iw45xbp9-graalvm8-ce/jre/lib/amd64/server/libjvm.so
7ff595bae000-7ff595be6000 rw-p 00000000 00:00 0 
7ff595be6000-7ff595c0c000 r--p 00000000 00:447 4611686018693337801       /nix/store/9bh3986bpragfjmr32gay8p95k91q4gy-glibc-2.33-47/lib/libc-2.33.so
7ff595c0c000-7ff595d4f000 r-xp 00026000 00:447 4611686018693337801       /nix/store/9bh3986bpragfjmr32gay8p95k91q4gy-glibc-2.33-47/lib/libc-2.33.so
7ff595d4f000-7ff595d9c000 r--p 00169000 00:447 4611686018693337801       /nix/store/9bh3986bpragfjmr32gay8p95k91q4gy-glibc-2.33-47/lib/libc-2.33.so
7ff595d9c000-7ff595d9f000 r--p 001b5000 00:447 4611686018693337801       /nix/store/9bh3986bpragfjmr32gay8p95k91q4gy-glibc-2.33-47/lib/libc-2.33.so
7ff595d9f000-7ff595da2000 rw-p 001b8000 00:447 4611686018693337801       /nix/store/9bh3986bpragfjmr32gay8p95k91q4gy-glibc-2.33-47/lib/libc-2.33.so
7ff595da2000-7ff595dad000 rw-p 00000000 00:00 0 
7ff595dad000-7ff595dae000 r--p 00000000 00:447 4611686018693337808       /nix/store/9bh3986bpragfjmr32gay8p95k91q4gy-glibc-2.33-47/lib/libdl-2.33.so
7ff595dae000-7ff595daf000 r-xp 00001000 00:447 4611686018693337808       /nix/store/9bh3986bpragfjmr32gay8p95k91q4gy-glibc-2.33-47/lib/libdl-2.33.so
7ff595daf000-7ff595db0000 r--p 00002000 00:447 4611686018693337808       /nix/store/9bh3986bpragfjmr32gay8p95k91q4gy-glibc-2.33-47/lib/libdl-2.33.so
7ff595db0000-7ff595db1000 r--p 00002000 00:447 4611686018693337808       /nix/store/9bh3986bpragfjmr32gay8p95k91q4gy-glibc-2.33-47/lib/libdl-2.33.so
7ff595db1000-7ff595db2000 rw-p 00003000 00:447 4611686018693337808       /nix/store/9bh3986bpragfjmr32gay8p95k91q4gy-glibc-2.33-47/lib/libdl-2.33.so
7ff595db2000-7ff595dbf000 r-xp 00000000 00:447 4611686018609464872       /nix/store/x26gyx3nb3kx580i4r9qg9q1iw45xbp9-graalvm8-ce/jre/lib/amd64/jli/libjli.so
7ff595dbf000-7ff595fbf000 ---p 0000d000 00:447 4611686018609464872       /nix/store/x26gyx3nb3kx580i4r9qg9q1iw45xbp9-graalvm8-ce/jre/lib/amd64/jli/libjli.so
7ff595fbf000-7ff595fc0000 r--p 0000d000 00:447 4611686018609464872       /nix/store/x26gyx3nb3kx580i4r9qg9q1iw45xbp9-graalvm8-ce/jre/lib/amd64/jli/libjli.so
7ff595fc0000-7ff595fc1000 rw-p 0000e000 00:447 4611686018609464872       /nix/store/x26gyx3nb3kx580i4r9qg9q1iw45xbp9-graalvm8-ce/jre/lib/amd64/jli/libjli.so
7ff595fc1000-7ff595fc2000 rw-p 00012000 00:447 4611686018609464872       /nix/store/x26gyx3nb3kx580i4r9qg9q1iw45xbp9-graalvm8-ce/jre/lib/amd64/jli/libjli.so
7ff595fc2000-7ff595fc5000 r--p 00000000 00:447 4611686018693989150       /nix/store/dc3r2nbhckwn41hq5vaxxbj7z0lqdwb1-zlib-1.2.11/lib/libz.so.1.2.11
7ff595fc5000-7ff595fd6000 r-xp 00003000 00:447 4611686018693989150       /nix/store/dc3r2nbhckwn41hq5vaxxbj7z0lqdwb1-zlib-1.2.11/lib/libz.so.1.2.11
7ff595fd6000-7ff595fdc000 r--p 00014000 00:447 4611686018693989150       /nix/store/dc3r2nbhckwn41hq5vaxxbj7z0lqdwb1-zlib-1.2.11/lib/libz.so.1.2.11
7ff595fdc000-7ff595fdd000 ---p 0001a000 00:447 4611686018693989150       /nix/store/dc3r2nbhckwn41hq5vaxxbj7z0lqdwb1-zlib-1.2.11/lib/libz.so.1.2.11
7ff595fdd000-7ff595fde000 r--p 0001a000 00:447 4611686018693989150       /nix/store/dc3r2nbhckwn41hq5vaxxbj7z0lqdwb1-zlib-1.2.11/lib/libz.so.1.2.11
7ff595fde000-7ff595fdf000 rw-p 0001b000 00:447 4611686018693989150       /nix/store/dc3r2nbhckwn41hq5vaxxbj7z0lqdwb1-zlib-1.2.11/lib/libz.so.1.2.11
7ff595fdf000-7ff595fe6000 r--p 00000000 00:447 4611686018693337838       /nix/store/9bh3986bpragfjmr32gay8p95k91q4gy-glibc-2.33-47/lib/libpthread-2.33.so
7ff595fe6000-7ff595ff4000 r-xp 00007000 00:447 4611686018693337838       /nix/store/9bh3986bpragfjmr32gay8p95k91q4gy-glibc-2.33-47/lib/libpthread-2.33.so
7ff595ff4000-7ff595ff9000 r--p 00015000 00:447 4611686018693337838       /nix/store/9bh3986bpragfjmr32gay8p95k91q4gy-glibc-2.33-47/lib/libpthread-2.33.so
7ff595ff9000-7ff595ffa000 r--p 00019000 00:447 4611686018693337838       /nix/store/9bh3986bpragfjmr32gay8p95k91q4gy-glibc-2.33-47/lib/libpthread-2.33.so
7ff595ffa000-7ff595ffb000 rw-p 0001a000 00:447 4611686018693337838       /nix/store/9bh3986bpragfjmr32gay8p95k91q4gy-glibc-2.33-47/lib/libpthread-2.33.so
7ff595ffb000-7ff596001000 rw-p 00000000 00:00 0 
7ff596001000-7ff596002000 r--p 00000000 00:447 4611686018693337792       /nix/store/9bh3986bpragfjmr32gay8p95k91q4gy-glibc-2.33-47/lib/ld-2.33.so
7ff596002000-7ff596026000 r-xp 00001000 00:447 4611686018693337792       /nix/store/9bh3986bpragfjmr32gay8p95k91q4gy-glibc-2.33-47/lib/ld-2.33.so
7ff596026000-7ff596030000 r--p 00025000 00:447 4611686018693337792       /nix/store/9bh3986bpragfjmr32gay8p95k91q4gy-glibc-2.33-47/lib/ld-2.33.so
7ff596030000-7ff596032000 r--p 0002e000 00:447 4611686018693337792       /nix/store/9bh3986bpragfjmr32gay8p95k91q4gy-glibc-2.33-47/lib/ld-2.33.so
7ff596032000-7ff596034000 rw-p 00030000 00:447 4611686018693337792       /nix/store/9bh3986bpragfjmr32gay8p95k91q4gy-glibc-2.33-47/lib/ld-2.33.so
7ffc9430e000-7ffc94332000 rw-p 00000000 00:00 0                          [stack]
7ffc9434a000-7ffc9434e000 r--p 00000000 00:00 0                          [vvar]
7ffc9434e000-7ffc94350000 r-xp 00000000 00:00 0                          [vdso]
ffffffffff600000-ffffffffff601000 --xp 00000000 00:00 0                  [vsyscall]

VM Arguments:
jvm_args: -Xmx32M -Xms32M 
java_command: bungee-dist.jar
java_class_path (initial): bungee-dist.jar
Launcher Type: SUN_STANDARD

Environment Variables:
JAVA_HOME=/nix/store/x26gyx3nb3kx580i4r9qg9q1iw45xbp9-graalvm8-ce
LD_LIBRARY_PATH=/nix/store/kbz3s60sndry87c2csg4svbbld3224q8-cups-2.3.3-lib/lib:/nix/store/0bdcnb6wnd9dg4wj4aqjwkizzz7lldps-cairo-1.16.0/lib:/nix/store/3jz43ya7j65mh53nj262rilsk1j2jb68-glib-2.68.3/lib:/nix/store/qvmdkg2f09pvlsdr4bqasyiy5g0mbvrd-gtk+3-3.24.30/lib:/nix/store/hisqvx32cd57apbpcsnkpx6k3549wql1-libglvnd-1.4.0/lib:/nix/store/p36pgcv991mq5srvg765b78yqpxvk3qs-mesa-21.3.3-drivers/lib:/nix/store/mav4251if1ahjq5vkpwycyyvnmy459c4-pulseaudio-14.2/lib
SHELL=/bin/bash
DISPLAY=:0

Signal Handlers:
SIGSEGV: [libjvm.so+0xbe9860], sa_mask[0]=11111111011111111101111111111110, sa_flags=SA_RESTART|SA_SIGINFO
SIGBUS: [libjvm.so+0xbe9860], sa_mask[0]=11111111011111111101111111111110, sa_flags=SA_RESTART|SA_SIGINFO
SIGFPE: [libjvm.so+0xa11d10], sa_mask[0]=11111111011111111101111111111110, sa_flags=SA_RESTART|SA_SIGINFO
SIGPIPE: [libjvm.so+0xa11d10], sa_mask[0]=11111111011111111101111111111110, sa_flags=SA_RESTART|SA_SIGINFO
SIGXFSZ: [libjvm.so+0xa11d10], sa_mask[0]=11111111011111111101111111111110, sa_flags=SA_RESTART|SA_SIGINFO
SIGILL: [libjvm.so+0xa11d10], sa_mask[0]=11111111011111111101111111111110, sa_flags=SA_RESTART|SA_SIGINFO
SIGUSR1: SIG_DFL, sa_mask[0]=00000000000000000000000000000000, sa_flags=none
SIGUSR2: [libjvm.so+0xa11be0], sa_mask[0]=00000000000000000000000000000000, sa_flags=SA_RESTART|SA_SIGINFO
SIGHUP: [libjvm.so+0xa12200], sa_mask[0]=11111111011111111101111111111110, sa_flags=SA_RESTART|SA_SIGINFO
SIGINT: [libjvm.so+0xa12200], sa_mask[0]=11111111011111111101111111111110, sa_flags=SA_RESTART|SA_SIGINFO
SIGTERM: [libjvm.so+0xa12200], sa_mask[0]=11111111011111111101111111111110, sa_flags=SA_RESTART|SA_SIGINFO
SIGQUIT: [libjvm.so+0xa12200], sa_mask[0]=11111111011111111101111111111110, sa_flags=SA_RESTART|SA_SIGINFO


---------------  S Y S T E M  ---------------

OS:DISTRIB_ID=Ubuntu
DISTRIB_RELEASE=20.04
DISTRIB_CODENAME=focal
DISTRIB_DESCRIPTION="Ubuntu 20.04.2 LTS"

uname:Linux 6.2.0-1013-gcp #13~22.04.1-Ubuntu SMP Wed Aug 30 20:41:15 UTC 2023 x86_64
libc:glibc 2.33 NPTL 2.33 
rlimit: STACK 8192k, CORE infinity, NPROC infinity, NOFILE 9765, AS infinity
load average:15.42 13.44 11.59

/proc/meminfo:
MemTotal:       32856000 kB
MemFree:          966688 kB
MemAvailable:   17884696 kB
Buffers:         1172660 kB
Cached:         14318152 kB
SwapCached:            0 kB
Active:          6546304 kB
Inactive:       22565224 kB
Active(anon):      15152 kB
Inactive(anon): 12802884 kB
Active(file):    6531152 kB
Inactive(file):  9762340 kB
Unevictable:       28456 kB
Mlocked:           28456 kB
SwapTotal:             0 kB
SwapFree:              0 kB
Zswap:                 0 kB
Zswapped:              0 kB
Dirty:              6912 kB
Writeback:             0 kB
AnonPages:      13647720 kB
Mapped:          2434040 kB
Shmem:             39756 kB
KReclaimable:    1090208 kB
Slab:            1765528 kB
SReclaimable:    1090208 kB
SUnreclaim:       675320 kB
KernelStack:      236480 kB
PageTables:       334684 kB
SecPageTables:         0 kB
NFS_Unstable:          0 kB
Bounce:                0 kB
WritebackTmp:          0 kB
CommitLimit:    16428000 kB
Committed_AS:   73905972 kB
VmallocTotal:   34359738367 kB
VmallocUsed:      268640 kB
VmallocChunk:          0 kB
Percpu:            18448 kB
HardwareCorrupted:     0 kB
AnonHugePages:    131072 kB
ShmemHugePages:        0 kB
ShmemPmdMapped:        0 kB
FileHugePages:         0 kB
FilePmdMapped:         0 kB
HugePages_Total:       0
HugePages_Free:        0
HugePages_Rsvd:        0
HugePages_Surp:        0
Hugepagesize:       2048 kB
Hugetlb:               0 kB
DirectMap4k:      301880 kB
DirectMap2M:    13326336 kB
DirectMap1G:    22020096 kB


CPU:total 4 (initial active 3) (4 cores per cpu, 1 threads per core) family 23 model 49 stepping 0, cmov, cx8, fxsr, mmx, sse, sse2, sse3, ssse3, sse4.1, sse4.2, popcnt, avx, avx2, aes, clmul, mmxext, 3dnowpref, lzcnt, sse4a, tsc, tscinvbit, tscinv, bmi1

/proc/cpuinfo:
processor	: 0
vendor_id	: AuthenticAMD
cpu family	: 23
model		: 49
model name	: AMD EPYC 7B12
stepping	: 0
microcode	: 0xffffffff
cpu MHz		: 2249.998
cache size	: 512 KB
physical id	: 0
siblings	: 4
core id		: 0
cpu cores	: 2
apicid		: 0
initial apicid	: 0
fpu		: yes
fpu_exception	: yes
cpuid level	: 13
wp		: yes
flags		: fpu vme de pse tsc msr pae mce cx8 apic sep mtrr pge mca cmov pat pse36 clflush mmx fxsr sse sse2 ht syscall nx mmxext fxsr_opt pdpe1gb rdtscp lm constant_tsc rep_good nopl nonstop_tsc cpuid extd_apicid tsc_known_freq pni pclmulqdq ssse3 fma cx16 sse4_1 sse4_2 movbe popcnt aes xsave avx f16c rdrand hypervisor lahf_lm cmp_legacy cr8_legacy abm sse4a misalignsse 3dnowprefetch osvw topoext ssbd ibrs ibpb stibp vmmcall fsgsbase tsc_adjust bmi1 avx2 smep bmi2 rdseed adx smap clflushopt clwb sha_ni xsaveopt xsavec xgetbv1 clzero xsaveerptr arat npt nrip_save umip rdpid
bugs		: sysret_ss_attrs null_seg spectre_v1 spectre_v2 spec_store_bypass retbleed smt_rsb
bogomips	: 4499.99
TLB size	: 3072 4K pages
clflush size	: 64
cache_alignment	: 64
address sizes	: 48 bits physical, 48 bits virtual
power management:

processor	: 1
vendor_id	: AuthenticAMD
cpu family	: 23
model		: 49
model name	: AMD EPYC 7B12
stepping	: 0
microcode	: 0xffffffff
cpu MHz		: 2249.998
cache size	: 512 KB
physical id	: 0
siblings	: 4
core id		: 1
cpu cores	: 2
apicid		: 2
initial apicid	: 2
fpu		: yes
fpu_exception	: yes
cpuid level	: 13
wp		: yes
flags		: fpu vme de pse tsc msr pae mce cx8 apic sep mtrr pge mca cmov pat pse36 clflush mmx fxsr sse sse2 ht syscall nx mmxext fxsr_opt pdpe1gb rdtscp lm constant_tsc rep_good nopl nonstop_tsc cpuid extd_apicid tsc_known_freq pni pclmulqdq ssse3 fma cx16 sse4_1 sse4_2 movbe popcnt aes xsave avx f16c rdrand hypervisor lahf_lm cmp_legacy cr8_legacy abm sse4a misalignsse 3dnowprefetch osvw topoext ssbd ibrs ibpb stibp vmmcall fsgsbase tsc_adjust bmi1 avx2 smep bmi2 rdseed adx smap clflushopt clwb sha_ni xsaveopt xsavec xgetbv1 clzero xsaveerptr arat npt nrip_save umip rdpid
bugs		: sysret_ss_attrs null_seg spectre_v1 spectre_v2 spec_store_bypass retbleed smt_rsb
bogomips	: 4499.99
TLB size	: 3072 4K pages
clflush size	: 64
cache_alignment	: 64
address sizes	: 48 bits physical, 48 bits virtual
power management:

processor	: 2
vendor_id	: AuthenticAMD
cpu family	: 23
model		: 49
model name	: AMD EPYC 7B12
stepping	: 0
microcode	: 0xffffffff
cpu MHz		: 2249.998
cache size	: 512 KB
physical id	: 0
siblings	: 4
core id		: 0
cpu cores	: 2
apicid		: 1
initial apicid	: 1
fpu		: yes
fpu_exception	: yes
cpuid level	: 13
wp		: yes
flags		: fpu vme de pse tsc msr pae mce cx8 apic sep mtrr pge mca cmov pat pse36 clflush mmx fxsr sse sse2 ht syscall nx mmxext fxsr_opt pdpe1gb rdtscp lm constant_tsc rep_good nopl nonstop_tsc cpuid extd_apicid tsc_known_freq pni pclmulqdq ssse3 fma cx16 sse4_1 sse4_2 movbe popcnt aes xsave avx f16c rdrand hypervisor lahf_lm cmp_legacy cr8_legacy abm sse4a misalignsse 3dnowprefetch osvw topoext ssbd ibrs ibpb stibp vmmcall fsgsbase tsc_adjust bmi1 avx2 smep bmi2 rdseed adx smap clflushopt clwb sha_ni xsaveopt xsavec xgetbv1 clzero xsaveerptr arat npt nrip_save umip rdpid
bugs		: sysret_ss_attrs null_seg spectre_v1 spectre_v2 spec_store_bypass retbleed smt_rsb
bogomips	: 4499.99
TLB size	: 3072 4K pages
clflush size	: 64
cache_alignment	: 64
address sizes	: 48 bits physical, 48 bits virtual
power management:

processor	: 3
vendor_id	: AuthenticAMD
cpu family	: 23
model		: 49
model name	: AMD EPYC 7B12
stepping	: 0
microcode	: 0xffffffff
cpu MHz		: 2249.998
cache size	: 512 KB
physical id	: 0
siblings	: 4
core id		: 1
cpu cores	: 2
apicid		: 3
initial apicid	: 3
fpu		: yes
fpu_exception	: yes
cpuid level	: 13
wp		: yes
flags		: fpu vme de pse tsc msr pae mce cx8 apic sep mtrr pge mca cmov pat pse36 clflush mmx fxsr sse sse2 ht syscall nx mmxext fxsr_opt pdpe1gb rdtscp lm constant_tsc rep_good nopl nonstop_tsc cpuid extd_apicid tsc_known_freq pni pclmulqdq ssse3 fma cx16 sse4_1 sse4_2 movbe popcnt aes xsave avx f16c rdrand hypervisor lahf_lm cmp_legacy cr8_legacy abm sse4a misalignsse 3dnowprefetch osvw topoext ssbd ibrs ibpb stibp vmmcall fsgsbase tsc_adjust bmi1 avx2 smep bmi2 rdseed adx smap clflushopt clwb sha_ni xsaveopt xsavec xgetbv1 clzero xsaveerptr arat npt nrip_save umip rdpid
bugs		: sysret_ss_attrs null_seg spectre_v1 spectre_v2 spec_store_bypass retbleed smt_rsb
bogomips	: 4499.99
TLB size	: 3072 4K pages
clflush size	: 64
cache_alignment	: 64
address sizes	: 48 bits physical, 48 bits virtual
power management:



Memory: 4k page, physical 32856000k(982276k free), swap 0k(0k free)

vm_info: OpenJDK 64-Bit Server VM GraalVM CE 21.2.0 (25.302-b07-jvmci-21.2-b08) for linux-amd64 JRE (1.8.0), built on Jul 19 2021 22:50:15 by "buildslave" with gcc 7.3.0

time: Mon Sep 11 11:26:31 2023
timezone: UTC
elapsed time: 732.973872 seconds (0d 0h 12m 12s)

